  Fluid.cpp
  FluidSim.cpp
c:\users\user\source\repos\fluidsim\fluidsim\fluidsim.cpp(53): warning C4244: 'argument': conversion from 'time_t' to 'unsigned int', possible loss of data
  Generating Code...
c:\users\user\source\repos\fluidsim\fluidsim\fluidsim.cpp(33): warning C4715: 'initGL': not all control paths return a value
LINK : warning LNK4098: defaultlib 'MSVCRT' conflicts with use of other libs; use /NODEFAULTLIB:library
LINK : warning LNK4098: defaultlib 'LIBCMT' conflicts with use of other libs; use /NODEFAULTLIB:library
Fluid.obj : warning LNK4049: locally defined symbol ___glewBindBuffer imported
Fluid.obj : warning LNK4049: locally defined symbol ___glewBufferData imported
Fluid.obj : warning LNK4049: locally defined symbol ___glewDeleteBuffers imported
Fluid.obj : warning LNK4049: locally defined symbol ___glewGenBuffers imported
Fluid.obj : warning LNK4049: locally defined symbol ___glewEnableVertexAttribArray imported
Fluid.obj : warning LNK4049: locally defined symbol ___glewVertexAttribPointer imported
Fluid.obj : warning LNK4049: locally defined symbol ___glewBindVertexArray imported
Fluid.obj : warning LNK4049: locally defined symbol ___glewGenVertexArrays imported
Shader.obj : warning LNK4049: locally defined symbol ___glewAttachShader imported
Shader.obj : warning LNK4049: locally defined symbol ___glewCompileShader imported
Shader.obj : warning LNK4049: locally defined symbol ___glewCreateProgram imported
Shader.obj : warning LNK4049: locally defined symbol ___glewCreateShader imported
Shader.obj : warning LNK4049: locally defined symbol ___glewDeleteShader imported
Shader.obj : warning LNK4049: locally defined symbol ___glewGetProgramInfoLog imported
Shader.obj : warning LNK4049: locally defined symbol ___glewGetProgramiv imported
Shader.obj : warning LNK4049: locally defined symbol ___glewGetShaderInfoLog imported
Shader.obj : warning LNK4049: locally defined symbol ___glewGetShaderiv imported
Shader.obj : warning LNK4049: locally defined symbol ___glewGetUniformLocation imported
Shader.obj : warning LNK4049: locally defined symbol ___glewLinkProgram imported
Shader.obj : warning LNK4049: locally defined symbol ___glewShaderSource imported
Shader.obj : warning LNK4049: locally defined symbol ___glewUniform1i imported
Shader.obj : warning LNK4049: locally defined symbol ___glewUniform3fv imported
Shader.obj : warning LNK4049: locally defined symbol ___glewUseProgram imported
glew32s.lib(glew.obj) : warning LNK4099: PDB 'vc120.pdb' was not found with 'glew32s.lib(glew.obj)' or at 'C:\Users\User\source\repos\FluidSim\Debug\vc120.pdb'; linking object as if no debug info
  FluidSim.vcxproj -> C:\Users\User\source\repos\FluidSim\Debug\FluidSim.exe
